<?xml version="1.0" encoding="UTF-8"?>
<!-- Generated by org.testng.reporters.JUnitReportReporter -->
<testsuite hostname="LAPTOP-V7M1F0GS" failures="0" tests="4" name="com.eva.bobShop.TestCases.TestCases" time="694.728" errors="0" timestamp="2024-03-04T22:09:32 IST" skipped="0">
  <testcase classname="com.eva.bobShop.TestCases.TestCases" name="verifyLogin" time="173.028"/>
  <system-out/>
  <testcase classname="com.eva.bobShop.TestCases.TestCases" name="verifyAccount" time="208.869"/>
  <system-out/>
  <testcase classname="com.eva.bobShop.TestCases.TestCases" name="selectProductByCategory" time="156.561"/>
  <system-out/>
  <testcase classname="com.eva.bobShop.TestCases.TestCases" name="verifyProductAddToCard" time="156.270"/>
  <system-out/>
</testsuite> <!-- com.eva.bobShop.TestCases.TestCases -->
