<?xml version="1.0" encoding="UTF-8"?>
<!-- Generated by org.testng.reporters.JUnitReportReporter -->
<testsuite hostname="LAPTOP-V7M1F0GS" failures="0" tests="4" name="com.eva.bobShop.TestCases.TestCases" time="707.242" errors="0" timestamp="2024-03-07T13:23:53 IST" skipped="0">
  <testcase classname="com.eva.bobShop.TestCases.TestCases" name="verifyLogin" time="99.751"/>
  <system-out/>
  <testcase classname="com.eva.bobShop.TestCases.TestCases" name="verifyAccount" time="237.623"/>
  <system-out/>
  <testcase classname="com.eva.bobShop.TestCases.TestCases" name="selectProductByCategory" time="178.786"/>
  <system-out/>
  <testcase classname="com.eva.bobShop.TestCases.TestCases" name="verifyProductAddToCardAndBuy" time="191.082"/>
  <system-out/>
</testsuite> <!-- com.eva.bobShop.TestCases.TestCases -->
