<?xml version="1.0" encoding="UTF-8"?>
<!-- Generated by org.testng.reporters.JUnitReportReporter -->
<testsuite hostname="LAPTOP-V7M1F0GS" failures="0" tests="1" name="com.eva.bobShop.Runner.RunTest" time="80.569" errors="0" timestamp="2024-03-03T21:55:36 IST" skipped="0">
  <testcase classname="com.eva.bobShop.Runner.RunTest" name="verifyLogin" time="80.569"/>
  <system-out/>
</testsuite> <!-- com.eva.bobShop.Runner.RunTest -->
